<?xml version="1.0" encoding="UTF-8"?>
<!-- Generated by org.testng.reporters.JUnitReportReporter -->
<testsuite hostname="Hassan-Ka" failures="0" tests="4" name="api.test.UserTests2" time="2.195" errors="0" timestamp="2024-01-05T20:49:32 EST" skipped="0">
  <testcase classname="api.test.UserTests2" name="testPostUser" time="1.469"/>
  <testcase classname="api.test.UserTests2" name="testGetUserByName" time="0.187"/>
  <testcase classname="api.test.UserTests2" name="testUpdateUserByName" time="0.361"/>
  <testcase classname="api.test.UserTests2" name="testDeleteUserByName" time="0.178"/>
</testsuite> <!-- api.test.UserTests2 -->
