<?xml version="1.0" encoding="UTF-8"?>
<!-- Generated by org.testng.reporters.JUnitReportReporter -->
<testsuite hostname="Hassan-Ka" failures="0" tests="4" name="api.test.UserTests" time="2.642" errors="0" timestamp="2024-01-05T14:08:54 EST" skipped="0">
  <testcase classname="api.test.UserTests" name="testPostUser" time="1.832"/>
  <testcase classname="api.test.UserTests" name="testGetUserByName" time="0.298"/>
  <testcase classname="api.test.UserTests" name="testUpdateUserByName" time="0.345"/>
  <testcase classname="api.test.UserTests" name="testDeleteUserByName" time="0.167"/>
</testsuite> <!-- api.test.UserTests -->
