<?xml version="1.0" encoding="UTF-8"?>
<!-- Generated by org.testng.reporters.JUnitReportReporter -->
<testsuite hostname="Hassan-Ka" failures="0" tests="1" name="api.payloads.User" time="0.007" errors="0" timestamp="2024-01-03T19:34:03 EST" skipped="0">
  <testcase classname="api.payloads.User" name="testy" time="0.007"/>
</testsuite> <!-- api.payloads.User -->
