<?xml version="1.0" encoding="UTF-8"?>
<!-- Generated by org.testng.reporters.JUnitReportReporter -->
<testsuite hostname="Hassan-Ka" failures="0" tests="6" name="api.test.DDTests" time="1.171" errors="0" timestamp="2024-01-04T19:51:37 EST" skipped="0">
  <testcase classname="api.test.DDTests" name="testPostuser" time="0.183"/>
  <testcase classname="api.test.DDTests" name="testPostuser" time="0.197"/>
  <testcase classname="api.test.DDTests" name="testPostuser" time="0.165"/>
  <testcase classname="api.test.DDTests" name="testDeleteUserByName" time="0.263"/>
  <testcase classname="api.test.DDTests" name="testDeleteUserByName" time="0.181"/>
  <testcase classname="api.test.DDTests" name="testDeleteUserByName" time="0.182"/>
</testsuite> <!-- api.test.DDTests -->
