<?xml version="1.0" encoding="UTF-8"?>
<!-- Generated by org.testng.reporters.JUnitReportReporter -->
<testsuite hostname="Hassan-Ka" failures="0" tests="4" name="api.test.UserTests2" time="2.350" errors="0" timestamp="2024-01-05T21:29:25 EST" skipped="0">
  <testcase classname="api.test.UserTests2" name="testPostUser" time="1.596"/>
  <testcase classname="api.test.UserTests2" name="testGetUserByName" time="0.208"/>
  <testcase classname="api.test.UserTests2" name="testUpdateUserByName" time="0.378"/>
  <testcase classname="api.test.UserTests2" name="testDeleteUserByName" time="0.168"/>
</testsuite> <!-- api.test.UserTests2 -->
